page 1 success
page 2 success
page 3 success
page 4 success
page 5 success
page 6 success
page 7 success
page 8 success
page 9 success
page 10 success
page 11 success
page 12 success
page 13 success
page 14 success
page 15 success
page 16 success
page 17 success
page 18 success
page 19 success
page 20 success
page 21 success
page 22 success
page 23 success
page 24 success
page 25 success
page 26 success
page 27 success
page 28 success
page 29 success
page 30 success
page 31 success
page 32 success
page 33 success
page 34 success
page 35 success
page 36 success
page 37 success
page 38 success
page 39 success
page 40 success
page 41 success
page 42 success
page 43 success
page 44 success
page 45 success
page 46 success
page 47 success
page 48 success
page 49 success
page 50 success
page 51 success
page 52 success
page 53 success
page 54 success
page 55 success
page 56 success
page 57 success
page 58 success
page 59 success
page 60 success
page 61 success
page 62 success
page 63 success
page 64 success
page 65 success
page 66 success
page 67 success
page 68 success
page 69 success
page 70 success
page 71 success
page 72 success
page 73 success
page 74 success
page 75 success
page 76 success
page 77 success
page 78 success
page 79 success
page 80 success
page 81 success
page 82 success
page 83 success
page 84 success
page 85 success
page 86 success
page 87 success
page 88 success
page 89 success
page 90 success
page 91 success
page 92 success
page 93 success
page 94 success
page 95 success
page 96 success
page 97 success
page 98 success
page 99 success
page 100 success
page 101 success
page 102 success
page 103 success
page 104 success
page 105 success
page 106 success
page 107 success
page 108 success
page 109 success
page 110 success
page 111 success
page 112 success
page 113 success
page 114 success
page 115 success
page 116 success
page 117 success
page 118 success
page 119 success
page 120 success
page 121 success
page 122 success
page 123 success
page 124 success
page 125 success
page 126 success
page 127 success
page 128 success
page 129 success
page 130 success
page 131 success
page 132 success
page 133 success
page 134 success
page 135 success
page 136 success
page 137 success
page 138 success
page 139 success
page 140 success
page 141 success
page 142 success
page 143 success
page 144 success
page 145 success
page 146 success
page 147 success
page 148 success
page 149 success
page 150 success
page 151 success
page 152 success
page 153 success
page 154 success
page 155 success
page 156 success
page 157 success
page 158 success
page 159 success
page 160 success
page 161 success
page 162 success
page 163 success
page 164 success
page 165 success
page 166 success
page 167 success
page 168 success
page 169 success
page 170 success
page 171 success
page 172 success
page 173 success
page 174 success
page 175 success
page 176 success
page 177 success
page 178 success
page 179 success
page 180 success
page 181 success
page 182 success
page 183 success
page 184 success
page 185 success
page 186 success
page 187 success
page 188 success
page 189 success
page 190 success
page 191 success
page 192 success
page 193 success
page 194 success
page 195 success
page 196 success
page 197 success
page 198 success
["1,600390,*ST\u91d1\u745e,-,-,-,-,-,-,14.85,-,-,-,-,-,-,-,-,-,-,-,-,-,-,51.68","1,603098,\u68ee\u7279\u80a1\u4efd,-,-,-,-,-,-,0.00,-,-,-,-,-,-,-,-,-,-,-,-,-,-,-","1,600189,\u5409\u6797\u68ee\u5de5,-,-,-,-,-,-,12.05,-,-,-,-,-,-,-,-,-,-,-,-,-,-,75.31","1,600627,\u4e0a\u7535\u80a1\u4efd,-,-,-,-,-,-,0.00,-,-,-,-,-,-,-,-,-,-,-,-,-,-,-","1,603668,\u5929\u9a6c\u79d1\u6280,-,-,-,-,-,-,0.00,-,-,-,-,-,-,-,-,-,-,-,-,-,-,-","1,600636,\u4e09\u7231\u5bcc,-,-,-,-,-,-,13.86,-,-,-,-,-,-,-,-,-,-,-,-,-,-,-"]page 199 success
page 1 success
page 2 success
page 3 success
page 4 success
page 5 success
page 6 success
page 7 success
page 8 success
page 9 success
page 10 success
page 11 success
page 12 success
page 13 success
page 14 success
page 15 success
page 16 success
page 17 success
page 18 success
page 19 success
page 20 success
page 21 success
page 22 success
page 23 success
page 24 success
page 25 success
page 26 success
page 27 success
page 28 success
page 29 success
page 30 success
page 31 success
page 32 success
page 33 success
page 34 success
page 35 success
page 36 success
page 37 success
page 38 success
page 39 success
page 40 success
page 41 success
page 42 success
page 43 success
page 44 success
page 45 success
page 46 success
page 47 success
page 48 success
page 49 success
page 50 success
page 51 success
page 52 success
page 53 success
page 54 success
page 55 success
page 56 success
page 57 success
page 58 success
page 59 success
page 60 success
page 61 success
page 62 success
page 63 success
page 64 success
page 65 success
page 66 success
page 67 success
page 68 success
page 69 success
page 70 success
page 71 success
page 72 success
page 73 success
page 74 success
page 75 success
page 76 success
page 77 success
page 78 success
page 79 success
page 80 success
page 81 success
page 82 success
page 83 success
page 84 success
page 85 success
page 86 success
page 87 success
page 88 success
page 89 success
page 90 success
page 91 success
page 92 success
page 93 success
page 94 success
page 95 success
page 96 success
page 97 success
page 98 success
page 99 success
page 100 success
page 101 success
page 102 success
page 103 success
page 104 success
page 105 success
page 106 success
page 107 success
page 108 success
page 109 success
page 110 success
page 111 success
page 112 success
page 113 success
page 114 success
page 115 success
page 116 success
page 117 success
page 118 success
page 119 success
page 120 success
page 121 success
page 122 success
page 123 success
page 124 success
page 125 success
page 126 success
page 127 success
page 128 success
page 129 success
page 130 success
page 131 success
page 132 success
page 133 success
page 134 success
page 135 success
page 136 success
page 137 success
page 138 success
page 139 success
page 140 success
page 141 success
page 142 success
page 143 success
page 144 success
page 145 success
page 146 success
page 147 success
page 148 success
page 149 success
page 150 success
page 151 success
page 152 success
page 153 success
page 154 success
page 155 success
page 156 success
page 157 success
page 158 success
page 159 success
page 160 success
page 161 success
page 162 success
page 163 success
page 164 success
page 165 success
page 166 success
page 167 success
page 168 success
page 169 success
page 170 success
page 171 success
page 172 success
page 173 success
page 174 success
page 175 success
page 176 success
page 177 success
page 178 success
page 179 success
page 180 success
page 181 success
page 182 success
page 183 success
page 184 success
page 185 success
page 186 success
page 187 success
page 188 success
page 189 success
page 190 success
page 191 success
page 192 success
page 193 success
page 194 success
page 195 success
page 196 success
page 197 success
page 198 success
["1,900945,\u6d77\u822aB\u80a1,0.611,-0.001,-0.16%,1.47,2265,138170,0.612,0.610,0.616,0.607,-,-,-,-,-,-,-,-,0.00%,1.14,0.06,11.700","1,900915,\u4e2d\u8defB\u80a1,1.991,-0.004,-0.20%,0.95,2090,415206,1.995,1.986,1.997,1.978,-,-,-,-,-,-,-,-,-0.20%,1.08,0.25,41.174","1,900914,\u9526\u6295B\u80a1,1.460,-0.004,-0.27%,2.73,1623,238192,1.464,1.452,1.492,1.452,-,-,-,-,-,-,-,-,-0.48%,0.93,0.10,23.369","1,900941,\u4e1c\u4fe1B\u80a1,0.718,-0.002,-0.28%,1.39,4229,303772,0.720,0.717,0.723,0.713,-,-,-,-,-,-,-,-,-0.14%,1.12,0.14,69.237","1,900930,\u6caa\u666e\u5929B,1.359,-0.004,-0.29%,1.69,2557,347749,1.363,1.351,1.374,1.351,-,-,-,-,-,-,-,-,-0.07%,0.93,0.20,-","1,900942,\u9ec4\u5c71B\u80a1,1.345,-0.004,-0.30%,1.11,7061,948258,1.349,1.346,1.354,1.339,-,-,-,-,-,-,-,-,-0.07%,1.61,0.30,15.934","1,900902,\u5e02\u5317B\u80a1,1.098,-0.006,-0.54%,3.08,5875,641788,1.104,1.113,1.114,1.080,-,-,-,-,-,-,-,-,0.18%,1.72,0.25,26.993","1,900928,\u4e34\u6e2fB\u80a1,1.452,-0.008,-0.55%,3.08,3700,538938,1.460,1.451,1.489,1.444,-,-,-,-,-,-,-,-,-0.34%,1.89,0.35,43.243","1,900926,\u5b9d\u4fe1B,1.598,-0.012,-0.75%,1.80,9038,1448042,1.610,1.610,1.619,1.590,-,-,-,-,-,-,-,-,0.13%,1.80,0.40,25.265","1,900916,\u51e4\u51f0B\u80a1,1.100,-0.011,-0.99%,7.11,43216,4609264,1.111,1.110,1.110,1.031,-,-,-,-,-,-,-,-,0.92%,1.53,2.52,66.593","1,900935,\u9633\u6668B\u80a1,-,-,-,-,-,-,2.922,-,-,-,-,-,-,-,-,-,-,-,-,-,-,182.011","1,900931,PT\u6c34\u4ed9B,-,-,-,-,-,-,0.000,-,-,-,-,-,-,-,-,-,-,-,-,-,-,-","1,900950,\u65b0\u57ceB\u80a1,-,-,-,-,-,-,0.000,-,-,-,-,-,-,-,-,-,-,-,-,-,-,-","1,900932,\u9646\u5bb6B\u80a1,-,-,-,-,-,-,1.555,-,-,-,-,-,-,-,-,-,-,-,-,-,-,19.989","1,900949,\u4e1c\u7535B\u80a1,-,-,-,-,-,-,0.000,-,-,-,-,-,-,-,-,-,-,-,-,-,-,-"]page 199 success
page 1 success
page 2 success
page 3 success
page 4 success
page 5 success
page 6 success
page 7 success
page 8 success
page 9 success
page 10 success
page 11 success
page 12 success
page 13 success
page 14 success
page 15 success
page 16 success
page 17 success
page 18 success
page 19 success
page 20 success
page 21 success
page 22 success
page 23 success
page 24 success
page 25 success
page 26 success
page 27 success
page 28 success
page 29 success
page 30 success
page 31 success
page 32 success
page 33 success
page 34 success
page 35 success
page 36 success
page 37 success
page 38 success
page 39 success
page 40 success
page 41 success
page 42 success
page 43 success
page 44 success
page 45 success
page 46 success
page 47 success
page 48 success
page 49 success
page 50 success
page 51 success
page 52 success
page 53 success
page 54 success
page 55 success
page 56 success
page 57 success
page 58 success
page 59 success
page 60 success
page 61 success
page 62 success
page 63 success
page 64 success
page 65 success
page 66 success
page 67 success
page 68 success
page 69 success
page 70 success
page 71 success
page 72 success
page 73 success
page 74 success
page 75 success
page 76 success
page 77 success
page 78 success
page 79 success
page 80 success
page 81 success
page 82 success
page 83 success
page 84 success
page 85 success
page 86 success
page 87 success
page 88 success
page 89 success
page 90 success
page 91 success
page 92 success
page 93 success
page 94 success
page 95 success
page 96 success
page 97 success
page 98 success
page 99 success
page 100 success
page 101 success
page 102 success
page 103 success
page 104 success
page 105 success
page 106 success
page 107 success
page 108 success
page 109 success
page 110 success
page 111 success
page 112 success
page 113 success
page 114 success
page 115 success
page 116 success
page 117 success
page 118 success
page 119 success
page 120 success
page 121 success
page 122 success
page 123 success
page 124 success
page 125 success
page 126 success
page 127 success
page 128 success
page 129 success
page 130 success
page 131 success
page 132 success
page 133 success
page 134 success
page 135 success
page 136 success
page 137 success
page 138 success
page 139 success
page 140 success
page 141 success
page 142 success
page 143 success
page 144 success
page 145 success
page 146 success
page 147 success
page 148 success
page 149 success
page 150 success
page 151 success
page 152 success
page 153 success
page 154 success
page 155 success
page 156 success
page 157 success
page 158 success
page 159 success
page 160 success
page 161 success
page 162 success
page 163 success
page 164 success
page 165 success
page 166 success
page 167 success
page 168 success
page 169 success
page 170 success
page 171 success
page 172 success
page 173 success
page 174 success
page 175 success
page 176 success
page 177 success
page 178 success
page 179 success
page 180 success
page 181 success
page 182 success
page 183 success
page 184 success
page 185 success
page 186 success
page 187 success
page 188 success
page 189 success
page 190 success
page 191 success
page 192 success
page 193 success
page 194 success
page 195 success
page 196 success
page 197 success
page 198 success
["2,002400,\u7701\u5e7f\u80a1\u4efd,-,-,-,-,-,-,13.79,-,-,-,-,-,-,-,-,-,-,-,-,-,-,28.73","2,000538,\u4e91\u5357\u767d\u836f,-,-,-,-,-,-,69.23,-,-,-,-,-,-,-,-,-,-,-,-,-,-,22.87","2,000558,\u83b1\u8335\u4f53\u80b2,-,-,-,-,-,-,14.75,-,-,-,-,-,-,-,-,-,-,-,-,-,-,453.38","2,300080,\u6613\u6210\u65b0\u80fd,-,-,-,-,-,-,7.76,-,-,-,-,-,-,-,-,-,-,-,-,-,-,843.48","2,000916,\u534e\u5317\u9ad8\u901f,-,-,-,-,-,-,5.01,-,-,-,-,-,-,-,-,-,-,-,-,-,-,15.03","2,000689,ST\u5b8f\u4e1a,-,-,-,-,-,-,0.00,-,-,-,-,-,-,-,-,-,-,-,-,-,-,-","2,002289,*ST\u5b87\u987a,-,-,-,-,-,-,26.70,-,-,-,-,-,-,-,-,-,-,-,-,-,-,-"]page 199 success
page 1 success
page 2 success
page 3 success
page 4 success
page 5 success
page 6 success
page 7 success
page 8 success
page 9 success
page 10 success
page 11 success
page 12 success
page 13 success
page 14 success
page 15 success
page 16 success
page 17 success
page 18 success
page 19 success
page 20 success
page 21 success
page 22 success
page 23 success
page 24 success
page 25 success
page 26 success
page 27 success
page 28 success
page 29 success
page 30 success
page 31 success
page 32 success
page 33 success
page 34 success
page 35 success
page 36 success
page 37 success
page 38 success
page 39 success
page 40 success
page 41 success
page 42 success
page 43 success
page 44 success
page 45 success
page 46 success
page 47 success
page 48 success
page 49 success
page 50 success
page 51 success
page 52 success
page 53 success
page 54 success
page 55 success
page 56 success
page 57 success
page 58 success
page 59 success
page 60 success
page 61 success
page 62 success
page 63 success
page 64 success
page 65 success
page 66 success
page 67 success
page 68 success
page 69 success
page 70 success
page 71 success
page 72 success
page 73 success
page 74 success
page 75 success
page 76 success
page 77 success
page 78 success
page 79 success
page 80 success
page 81 success
page 82 success
page 83 success
page 84 success
page 85 success
page 86 success
page 87 success
page 88 success
page 89 success
page 90 success
page 91 success
page 92 success
page 93 success
page 94 success
page 95 success
page 96 success
page 97 success
page 98 success
page 99 success
page 100 success
page 101 success
page 102 success
page 103 success
page 104 success
page 105 success
page 106 success
page 107 success
page 108 success
page 109 success
page 110 success
page 111 success
page 112 success
page 113 success
page 114 success
page 115 success
page 116 success
page 117 success
page 118 success
page 119 success
page 120 success
page 121 success
page 122 success
page 123 success
page 124 success
page 125 success
page 126 success
page 127 success
page 128 success
page 129 success
page 130 success
page 131 success
page 132 success
page 133 success
page 134 success
page 135 success
page 136 success
page 137 success
page 138 success
page 139 success
page 140 success
page 141 success
page 142 success
page 143 success
page 144 success
page 145 success
page 146 success
page 147 success
page 148 success
page 149 success
page 150 success
page 151 success
page 152 success
page 153 success
page 154 success
page 155 success
page 156 success
page 157 success
page 158 success
page 159 success
page 160 success
page 161 success
page 162 success
page 163 success
page 164 success
page 165 success
page 166 success
page 167 success
page 168 success
page 169 success
page 170 success
page 171 success
page 172 success
page 173 success
page 174 success
page 175 success
page 176 success
page 177 success
page 178 success
page 179 success
page 180 success
page 181 success
page 182 success
page 183 success
page 184 success
page 185 success
page 186 success
page 187 success
page 188 success
page 189 success
page 190 success
page 191 success
page 192 success
page 193 success
page 194 success
page 195 success
page 196 success
page 197 success
page 198 success
["2,200028,\u4e00\u81f4B,47.00,-0.44,-0.93%,1.48,1095,5148253,47.44,47.00,47.50,46.80,-,-,-,-,-,-,-,-,0.19%,2.32,0.20,15.71","2,200468,*ST\u5b81\u901aB,6.33,-0.06,-0.94%,4.38,2540,1592181,6.39,6.20,6.43,6.15,-,-,-,-,-,-,-,-,-0.63%,2.45,0.25,-","2,200025,\u7279\u529bB,13.26,-0.15,-1.12%,6.64,3061,4056363,13.41,13.42,13.69,12.80,-,-,-,-,-,-,-,-,-0.67%,0.96,1.16,100.18","2,200054,\u5efa\u6469B,12.17,-0.36,-2.87%,5.59,3236,4010037,12.53,12.85,12.85,12.15,-,-,-,-,-,-,-,-,-2.01%,2.88,1.08,75.51","2,200013,*ST\u77f3\u5316B,-,-,-,-,-,-,0.00,-,-,-,-,-,-,-,-,-,-,-,-,-,-,-","2,200160,\u5357\u6c5fB,-,-,-,-,-,-,2.89,-,-,-,-,-,-,-,-,-,-,-,-,-,-,320.97","2,200003,PT\u91d1\u7530B,-,-,-,-,-,-,0.00,-,-,-,-,-,-,-,-,-,-,-,-,-,-,-","2,200041,*ST\u672c\u5b9eB,-,-,-,-,-,-,0.00,-,-,-,-,-,-,-,-,-,-,-,-,-,-,-","2,200015,PT\u4e2d\u6d69B,-,-,-,-,-,-,0.00,-,-,-,-,-,-,-,-,-,-,-,-,-,-,-","2,200024,\u62db\u5546\u5c40B,-,-,-,-,-,-,0.00,-,-,-,-,-,-,-,-,-,-,-,-,-,-,-","2,200045,\u6df1\u7eba\u7ec7B,-,-,-,-,-,-,7.71,-,-,-,-,-,-,-,-,-,-,-,-,-,-,-","2,200002,\u4e07\u79d1B,-,-,-,-,-,-,0.00,-,-,-,-,-,-,-,-,-,-,-,-,-,-,-","2,200029,\u6df1\u6df1\u623fB,-,-,-,-,-,-,5.72,-,-,-,-,-,-,-,-,-,-,-,-,-,-,16.28","2,200039,\u4e2d\u96c6B,-,-,-,-,-,-,0.00,-,-,-,-,-,-,-,-,-,-,-,-,-,-,-","2,200513,\u4e3d\u73e0B,-,-,-,-,-,-,0.00,-,-,-,-,-,-,-,-,-,-,-,-,-,-,-","2,200986,\u7ca4\u534e\u5305B,-,-,-,-,-,-,9.43,-,-,-,-,-,-,-,-,-,-,-,-,-,-,87.40","2,200168,\u821c\u5586B,-,-,-,-,-,-,4.10,-,-,-,-,-,-,-,-,-,-,-,-,-,-,-","2,200770,\u6b66\u9505B\u9000,-,-,-,-,-,-,0.00,-,-,-,-,-,-,-,-,-,-,-,-,-,-,-","2,200057,*ST\u5927\u6d0bB,-,-,-,-,-,-,0.00,-,-,-,-,-,-,-,-,-,-,-,-,-,-,-"]page 199 success
